TN:
SF:src\config\database.js
FN:3,(anonymous_0)
FN:14,(anonymous_1)
FN:18,(anonymous_2)
FNF:3
FNH:0
FNDA:0,(anonymous_0)
FNDA:0,(anonymous_1)
FNDA:0,(anonymous_2)
DA:3,0
DA:4,0
DA:5,0
DA:6,0
DA:7,0
DA:9,0
DA:10,0
DA:14,0
DA:15,0
DA:18,0
DA:19,0
LF:11
LH:0
BRF:0
BRH:0
end_of_record
TN:
SF:src\controllers\projectController.js
FN:3,(anonymous_0)
FN:16,(anonymous_1)
FN:42,(anonymous_2)
FN:47,(anonymous_3)
FN:60,(anonymous_4)
FN:71,(anonymous_5)
FN:76,(anonymous_6)
FN:100,(anonymous_7)
FN:117,(anonymous_8)
FNF:9
FNH:6
FNDA:2,(anonymous_0)
FNDA:2,(anonymous_1)
FNDA:2,(anonymous_2)
FNDA:3,(anonymous_3)
FNDA:0,(anonymous_4)
FNDA:2,(anonymous_5)
FNDA:0,(anonymous_6)
FNDA:0,(anonymous_7)
FNDA:2,(anonymous_8)
DA:3,1
DA:4,2
DA:5,2
DA:6,1
DA:12,1
DA:16,1
DA:17,2
DA:18,2
DA:20,2
DA:21,1
DA:27,1
DA:32,0
DA:33,0
DA:38,0
DA:42,1
DA:43,2
DA:44,2
DA:45,1
DA:47,3
DA:51,2
DA:53,2
DA:59,0
DA:60,0
DA:61,0
DA:67,0
DA:71,1
DA:72,2
DA:73,2
DA:74,0
DA:76,0
DA:80,2
DA:86,2
DA:87,1
DA:93,1
DA:99,0
DA:100,0
DA:101,0
DA:107,0
DA:108,0
DA:113,0
DA:117,1
DA:118,2
DA:119,2
DA:121,2
DA:122,1
DA:128,1
DA:134,0
DA:135,0
DA:140,0
LF:49
LH:31
BRDA:20,0,0,1
BRDA:20,0,1,1
BRDA:32,1,0,0
BRDA:32,1,1,0
BRDA:44,2,0,1
BRDA:44,2,1,1
BRDA:59,3,0,0
BRDA:59,3,1,0
BRDA:73,4,0,0
BRDA:73,4,1,2
BRDA:86,5,0,1
BRDA:86,5,1,1
BRDA:99,6,0,0
BRDA:99,6,1,0
BRDA:107,7,0,0
BRDA:107,7,1,0
BRDA:121,8,0,1
BRDA:121,8,1,1
BRDA:134,9,0,0
BRDA:134,9,1,0
BRF:20
BRH:9
end_of_record
TN:
SF:src\middleware\errorHandler.js
FN:1,(anonymous_0)
FN:20,(anonymous_1)
FNF:2
FNH:0
FNDA:0,(anonymous_0)
FNDA:0,(anonymous_1)
DA:1,0
DA:2,0
DA:4,0
DA:5,0
DA:7,0
DA:8,0
DA:9,0
DA:10,0
DA:13,0
DA:14,0
DA:15,0
DA:18,0
DA:19,0
DA:20,0
DA:23,0
LF:15
LH:0
BRDA:4,0,0,0
BRDA:4,0,1,0
BRDA:5,1,0,0
BRDA:5,1,1,0
BRDA:7,2,0,0
BRDA:7,2,1,0
BRDA:13,3,0,0
BRDA:13,3,1,0
BRDA:18,4,0,0
BRDA:18,4,1,0
BRDA:26,5,0,0
BRDA:26,5,1,0
BRF:12
BRH:0
end_of_record
TN:
SF:src\middleware\validators.js
FN:19,(anonymous_0)
FN:43,(anonymous_1)
FN:49,(anonymous_2)
FNF:3
FNH:0
FNDA:0,(anonymous_0)
FNDA:0,(anonymous_1)
FNDA:0,(anonymous_2)
DA:3,0
DA:20,0
DA:21,0
DA:23,0
DA:24,0
DA:26,0
DA:44,0
DA:45,0
DA:46,0
DA:49,0
DA:52,0
LF:11
LH:0
BRDA:20,0,0,0
BRDA:20,0,1,0
BRDA:23,1,0,0
BRDA:23,1,1,0
BRDA:45,2,0,0
BRDA:45,2,1,0
BRF:6
BRH:0
end_of_record
TN:
SF:src\models\Project.js
FN:24,(anonymous_0)
FN:32,(anonymous_1)
FN:58,(anonymous_2)
FNF:3
FNH:0
FNDA:0,(anonymous_0)
FNDA:0,(anonymous_1)
FNDA:0,(anonymous_2)
DA:3,0
DA:25,0
DA:33,0
DA:56,0
DA:58,0
DA:59,0
DA:62,0
LF:7
LH:0
BRDA:33,0,0,0
BRDA:33,0,1,0
BRDA:59,1,0,0
BRDA:59,1,1,0
BRF:4
BRH:0
end_of_record
TN:
SF:src\routes\projectRoutes.js
FNF:0
FNH:0
DA:11,0
DA:13,0
DA:14,0
DA:15,0
DA:16,0
DA:17,0
LF:6
LH:0
BRF:0
BRH:0
end_of_record
